0 info it worked if it ends with ok
1 verbose cli [ 'C:\\nodejs\\node.exe',
1 verbose cli   'C:\\nodejs\\node_modules\\npm\\bin\\npm-cli.js',
1 verbose cli   'install',
1 verbose cli   'typescript@next' ]
2 info using npm@3.10.3
3 info using node@v6.6.0
4 silly loadCurrentTree Starting
5 silly install loadCurrentTree
6 silly install readLocalPackageData
7 silly fetchPackageMetaData typescript@next
8 silly fetchNamedPackageData typescript
9 silly mapToRegistry name typescript
10 silly mapToRegistry using default registry
11 silly mapToRegistry registry https://registry.npmjs.org/
12 silly mapToRegistry data Result {
12 silly mapToRegistry   raw: 'typescript',
12 silly mapToRegistry   scope: null,
12 silly mapToRegistry   escapedName: 'typescript',
12 silly mapToRegistry   name: 'typescript',
12 silly mapToRegistry   rawSpec: '',
12 silly mapToRegistry   spec: 'latest',
12 silly mapToRegistry   type: 'tag' }
13 silly mapToRegistry uri https://registry.npmjs.org/typescript
14 verbose request uri https://registry.npmjs.org/typescript
15 verbose request no auth needed
16 info attempt registry request try #1 at 12:31:03 AM
17 verbose request id 19f9e2c74dd2f891
18 verbose etag "17T2RLJLIVFAWZEM8YPJ8Y7K1"
19 http request GET https://registry.npmjs.org/typescript
20 http 304 https://registry.npmjs.org/typescript
21 verbose headers { date: 'Mon, 19 Sep 2016 19:31:07 GMT',
21 verbose headers   via: '1.1 varnish',
21 verbose headers   'cache-control': 'max-age=300',
21 verbose headers   etag: '"17T2RLJLIVFAWZEM8YPJ8Y7K1"',
21 verbose headers   age: '55',
21 verbose headers   connection: 'keep-alive',
21 verbose headers   'x-served-by': 'cache-lhr6323-LHR',
21 verbose headers   'x-cache': 'HIT',
21 verbose headers   'x-cache-hits': '1',
21 verbose headers   'x-timer': 'S1474313467.729990,VS0,VE0',
21 verbose headers   vary: 'Accept-Encoding' }
22 silly get cb [ 304,
22 silly get   { date: 'Mon, 19 Sep 2016 19:31:07 GMT',
22 silly get     via: '1.1 varnish',
22 silly get     'cache-control': 'max-age=300',
22 silly get     etag: '"17T2RLJLIVFAWZEM8YPJ8Y7K1"',
22 silly get     age: '55',
22 silly get     connection: 'keep-alive',
22 silly get     'x-served-by': 'cache-lhr6323-LHR',
22 silly get     'x-cache': 'HIT',
22 silly get     'x-cache-hits': '1',
22 silly get     'x-timer': 'S1474313467.729990,VS0,VE0',
22 silly get     vary: 'Accept-Encoding' } ]
23 verbose etag https://registry.npmjs.org/typescript from cache
24 verbose get saving typescript to C:\Users\na\AppData\Roaming\npm-cache\registry.npmjs.org\typescript\.cache.json
25 verbose correctMkdir C:\Users\na\AppData\Roaming\npm-cache correctMkdir not in flight; initializing
26 silly install normalizeTree
27 silly loadCurrentTree Finishing
28 silly loadIdealTree Starting
29 silly install loadIdealTree
30 silly cloneCurrentTree Starting
31 silly install cloneCurrentTreeToIdealTree
32 silly cloneCurrentTree Finishing
33 silly loadShrinkwrap Starting
34 silly install loadShrinkwrap
35 silly loadShrinkwrap Finishing
36 silly loadAllDepsIntoIdealTree Starting
37 silly install loadAllDepsIntoIdealTree
38 silly resolveWithNewModule typescript@2.1.0-dev.20160919 checking installable status
39 silly cache add args [ 'typescript@next', null ]
40 verbose cache add spec typescript@next
41 silly cache add parsed spec Result {
41 silly cache add   raw: 'typescript@next',
41 silly cache add   scope: null,
41 silly cache add   escapedName: 'typescript',
41 silly cache add   name: 'typescript',
41 silly cache add   rawSpec: 'next',
41 silly cache add   spec: 'next',
41 silly cache add   type: 'tag' }
42 silly addNamed typescript@next
43 verbose addNamed "next" is being treated as a dist-tag for typescript
44 info addNameTag [ 'typescript', 'next' ]
45 silly mapToRegistry name typescript
46 silly mapToRegistry using default registry
47 silly mapToRegistry registry https://registry.npmjs.org/
48 silly mapToRegistry data Result {
48 silly mapToRegistry   raw: 'typescript',
48 silly mapToRegistry   scope: null,
48 silly mapToRegistry   escapedName: 'typescript',
48 silly mapToRegistry   name: 'typescript',
48 silly mapToRegistry   rawSpec: '',
48 silly mapToRegistry   spec: 'latest',
48 silly mapToRegistry   type: 'tag' }
49 silly mapToRegistry uri https://registry.npmjs.org/typescript
50 verbose addNameTag registry:https://registry.npmjs.org/typescript not in flight; fetching
51 verbose get https://registry.npmjs.org/typescript not expired, no request
52 silly addNameTag next cb for typescript with tag next
53 silly addNamed typescript@2.1.0-dev.20160919
54 verbose addNamed "2.1.0-dev.20160919" is a plain semver version for typescript
55 silly mapToRegistry name typescript
56 silly mapToRegistry using default registry
57 silly mapToRegistry registry https://registry.npmjs.org/
58 silly mapToRegistry data Result {
58 silly mapToRegistry   raw: 'typescript',
58 silly mapToRegistry   scope: null,
58 silly mapToRegistry   escapedName: 'typescript',
58 silly mapToRegistry   name: 'typescript',
58 silly mapToRegistry   rawSpec: '',
58 silly mapToRegistry   spec: 'latest',
58 silly mapToRegistry   type: 'tag' }
59 silly mapToRegistry uri https://registry.npmjs.org/typescript
60 verbose addRemoteTarball https://registry.npmjs.org/typescript/-/typescript-2.1.0-dev.20160919.tgz not in flight; adding
61 verbose addRemoteTarball [ 'https://registry.npmjs.org/typescript/-/typescript-2.1.0-dev.20160919.tgz',
61 verbose addRemoteTarball   'e8c9f9175a49a47135a1a79dca49676c51311e1a' ]
62 info retry fetch attempt 1 at 12:31:08 AM
63 info attempt registry request try #1 at 12:31:08 AM
64 http fetch GET https://registry.npmjs.org/typescript/-/typescript-2.1.0-dev.20160919.tgz
65 http fetch 200 https://registry.npmjs.org/typescript/-/typescript-2.1.0-dev.20160919.tgz
66 silly fetchAndShaCheck shasum e8c9f9175a49a47135a1a79dca49676c51311e1a
67 verbose addTmpTarball C:\Users\na\AppData\Local\Temp\npm-6504-11ac5ea3\registry.npmjs.org\typescript\-\typescript-2.1.0-dev.20160919.tgz not in flight; adding
68 verbose addTmpTarball already have metadata; skipping unpack for typescript@2.1.0-dev.20160919
69 verbose correctMkdir C:\Users\na\AppData\Roaming\npm-cache correctMkdir not in flight; initializing
70 silly cache afterAdd typescript@2.1.0-dev.20160919
71 verbose afterAdd C:\Users\na\AppData\Roaming\npm-cache\typescript\2.1.0-dev.20160919\package\package.json not in flight; writing
72 verbose correctMkdir C:\Users\na\AppData\Roaming\npm-cache correctMkdir not in flight; initializing
73 verbose afterAdd C:\Users\na\AppData\Roaming\npm-cache\typescript\2.1.0-dev.20160919\package\package.json written
74 silly fetchNamedPackageData fsevents
75 silly mapToRegistry name fsevents
76 silly mapToRegistry using default registry
77 silly mapToRegistry registry https://registry.npmjs.org/
78 silly mapToRegistry data Result {
78 silly mapToRegistry   raw: 'fsevents',
78 silly mapToRegistry   scope: null,
78 silly mapToRegistry   escapedName: 'fsevents',
78 silly mapToRegistry   name: 'fsevents',
78 silly mapToRegistry   rawSpec: '',
78 silly mapToRegistry   spec: 'latest',
78 silly mapToRegistry   type: 'tag' }
79 silly mapToRegistry uri https://registry.npmjs.org/fsevents
80 verbose request uri https://registry.npmjs.org/fsevents
81 verbose request no auth needed
82 info attempt registry request try #1 at 12:32:15 AM
83 http request GET https://registry.npmjs.org/fsevents
84 http 200 https://registry.npmjs.org/fsevents
85 verbose headers { server: 'CouchDB/1.5.0 (Erlang OTP/R16B03)',
85 verbose headers   etag: '"69O0UF1UA8LG7BQRJME2P5RBR"',
85 verbose headers   'content-type': 'application/json',
85 verbose headers   'content-encoding': 'gzip',
85 verbose headers   'cache-control': 'max-age=300',
85 verbose headers   'content-length': '7054',
85 verbose headers   'accept-ranges': 'bytes',
85 verbose headers   date: 'Mon, 19 Sep 2016 19:32:16 GMT',
85 verbose headers   via: '1.1 varnish',
85 verbose headers   age: '154',
85 verbose headers   connection: 'keep-alive',
85 verbose headers   'x-served-by': 'cache-lhr6323-LHR',
85 verbose headers   'x-cache': 'HIT',
85 verbose headers   'x-cache-hits': '11',
85 verbose headers   'x-timer': 'S1474313536.115317,VS0,VE0',
85 verbose headers   vary: 'Accept-Encoding' }
86 silly get cb [ 200,
86 silly get   { server: 'CouchDB/1.5.0 (Erlang OTP/R16B03)',
86 silly get     etag: '"69O0UF1UA8LG7BQRJME2P5RBR"',
86 silly get     'content-type': 'application/json',
86 silly get     'content-encoding': 'gzip',
86 silly get     'cache-control': 'max-age=300',
86 silly get     'content-length': '7054',
86 silly get     'accept-ranges': 'bytes',
86 silly get     date: 'Mon, 19 Sep 2016 19:32:16 GMT',
86 silly get     via: '1.1 varnish',
86 silly get     age: '154',
86 silly get     connection: 'keep-alive',
86 silly get     'x-served-by': 'cache-lhr6323-LHR',
86 silly get     'x-cache': 'HIT',
86 silly get     'x-cache-hits': '11',
86 silly get     'x-timer': 'S1474313536.115317,VS0,VE0',
86 silly get     vary: 'Accept-Encoding' } ]
87 verbose get saving fsevents to C:\Users\na\AppData\Roaming\npm-cache\registry.npmjs.org\fsevents\.cache.json
88 verbose correctMkdir C:\Users\na\AppData\Roaming\npm-cache correctMkdir not in flight; initializing
89 silly resolveWithNewModule fsevents@1.0.14 checking installable status
90 silly loadAllDepsIntoIdealTree Finishing
91 silly loadIdealTree Finishing
92 silly currentTree angular2-quickstart@1.0.0
92 silly currentTree +-- @angular/common@2.0.0-rc.6
92 silly currentTree +-- @angular/compiler-cli@0.6.0
92 silly currentTree +-- @angular/compiler@2.0.0-rc.6
92 silly currentTree +-- @angular/core@2.0.0-rc.6
92 silly currentTree +-- @angular/forms@2.0.0-rc.6
92 silly currentTree +-- @angular/http@2.0.0-rc.6
92 silly currentTree +-- @angular/platform-browser-dynamic@2.0.0-rc.6
92 silly currentTree +-- @angular/platform-browser@2.0.0-rc.6
92 silly currentTree +-- @angular/router@3.0.0-rc.2
92 silly currentTree +-- @angular/tsc-wrapped@0.3.0
92 silly currentTree +-- @angular/upgrade@2.0.0-rc.6
92 silly currentTree +-- abbrev@1.0.9
92 silly currentTree +-- accepts@1.3.3
92 silly currentTree +-- after@0.8.1
92 silly currentTree +-- agent-base@2.0.1
92 silly currentTree | `-- semver@5.0.3
92 silly currentTree +-- amdefine@1.0.0
92 silly currentTree +-- angular2-in-memory-web-api@0.0.18
92 silly currentTree +-- ansi-align@1.1.0
92 silly currentTree +-- ansi-regex@0.2.1
92 silly currentTree +-- ansi-styles@1.1.0
92 silly currentTree +-- any-promise@1.3.0
92 silly currentTree +-- anymatch@1.3.0
92 silly currentTree +-- archy@1.0.0
92 silly currentTree +-- arr-diff@2.0.0
92 silly currentTree +-- arr-flatten@1.0.1
92 silly currentTree +-- array-uniq@1.0.3
92 silly currentTree +-- array-unique@0.2.1
92 silly currentTree +-- arraybuffer.slice@0.0.6
92 silly currentTree +-- arrify@1.0.1
92 silly currentTree +-- asn1@0.1.11
92 silly currentTree +-- assert-plus@0.1.5
92 silly currentTree +-- async-each-series@0.1.1
92 silly currentTree +-- async-each@1.0.1
92 silly currentTree +-- async@2.0.1
92 silly currentTree +-- aws-sign2@0.6.0
92 silly currentTree +-- backo2@1.0.2
92 silly currentTree +-- balanced-match@0.4.2
92 silly currentTree +-- base64-arraybuffer@0.1.2
92 silly currentTree +-- base64id@0.1.0
92 silly currentTree +-- batch@0.5.3
92 silly currentTree +-- benchmark@1.0.0
92 silly currentTree +-- better-assert@1.0.2
92 silly currentTree +-- binary-extensions@1.6.0
92 silly currentTree +-- bl@1.0.3
92 silly currentTree | `-- readable-stream@2.0.6
92 silly currentTree +-- blob@0.0.4
92 silly currentTree +-- bluebird@2.9.6
92 silly currentTree +-- boom@2.10.1
92 silly currentTree +-- bootstrap@3.3.7
92 silly currentTree +-- boxen@0.6.0
92 silly currentTree | +-- ansi-regex@2.0.0
92 silly currentTree | +-- ansi-styles@2.2.1
92 silly currentTree | +-- camelcase@2.1.1
92 silly currentTree | +-- chalk@1.1.3
92 silly currentTree | +-- has-ansi@2.0.0
92 silly currentTree | +-- strip-ansi@3.0.1
92 silly currentTree | `-- supports-color@2.0.0
92 silly currentTree +-- brace-expansion@1.1.6
92 silly currentTree +-- braces@1.8.5
92 silly currentTree +-- browser-sync-client@2.4.2
92 silly currentTree +-- browser-sync-ui@0.6.0
92 silly currentTree +-- browser-sync@2.15.0
92 silly currentTree | `-- rx@4.1.0
92 silly currentTree +-- bs-recipes@1.2.3
92 silly currentTree +-- buffer-shims@1.0.0
92 silly currentTree +-- builtin-modules@1.1.1
92 silly currentTree +-- callsite@1.0.0
92 silly currentTree +-- camelcase@1.2.1
92 silly currentTree +-- capture-stack-trace@1.0.0
92 silly currentTree +-- caseless@0.11.0
92 silly currentTree +-- chalk@0.5.1
92 silly currentTree +-- chokidar@1.6.0
92 silly currentTree +-- cli-boxes@1.0.0
92 silly currentTree +-- cliui@3.2.0
92 silly currentTree | +-- ansi-regex@2.0.0
92 silly currentTree | `-- strip-ansi@3.0.1
92 silly currentTree +-- clone@1.0.2
92 silly currentTree +-- code-point-at@1.0.0
92 silly currentTree +-- columnify@1.5.4
92 silly currentTree | +-- ansi-regex@2.0.0
92 silly currentTree | `-- strip-ansi@3.0.1
92 silly currentTree +-- combined-stream@1.0.5
92 silly currentTree +-- commander@2.6.0
92 silly currentTree +-- component-bind@1.0.0
92 silly currentTree +-- component-emitter@1.1.2
92 silly currentTree +-- component-inherit@0.0.3
92 silly currentTree +-- concat-map@0.0.1
92 silly currentTree +-- concat-stream@1.5.2
92 silly currentTree | `-- readable-stream@2.0.6
92 silly currentTree +-- concurrently@2.2.0
92 silly currentTree +-- configstore@2.1.0
92 silly currentTree +-- connect-history-api-fallback@1.3.0
92 silly currentTree +-- connect-logger@0.0.1
92 silly currentTree +-- connect@3.4.1
92 silly currentTree +-- core-js@2.4.1
92 silly currentTree +-- core-util-is@1.0.2
92 silly currentTree +-- create-error-class@3.0.2
92 silly currentTree +-- cross-spawn@0.2.9
92 silly currentTree +-- cryptiles@2.0.5
92 silly currentTree +-- ctype@0.5.3
92 silly currentTree +-- debug@2.2.0
92 silly currentTree +-- decamelize@1.2.0
92 silly currentTree +-- deep-extend@0.4.1
92 silly currentTree +-- defaults@1.0.3
92 silly currentTree +-- delayed-stream@1.0.0
92 silly currentTree +-- depd@1.1.0
92 silly currentTree +-- destroy@1.0.4
92 silly currentTree +-- detect-indent@4.0.0
92 silly currentTree +-- dev-ip@1.0.1
92 silly currentTree +-- dot-prop@3.0.0
92 silly currentTree +-- duplexer2@0.1.4
92 silly currentTree +-- easy-extender@2.3.2
92 silly currentTree | `-- lodash@3.10.1
92 silly currentTree +-- eazy-logger@3.0.2
92 silly currentTree +-- ee-first@1.1.1
92 silly currentTree +-- emitter-steward@1.0.0
92 silly currentTree +-- encodeurl@1.0.1
92 silly currentTree +-- engine.io-client@1.6.11
92 silly currentTree | `-- ws@1.0.1
92 silly currentTree +-- engine.io-parser@1.2.4
92 silly currentTree | +-- has-binary@0.1.6
92 silly currentTree | `-- isarray@0.0.1
92 silly currentTree +-- engine.io@1.6.11
92 silly currentTree | +-- accepts@1.1.4
92 silly currentTree | +-- mime-db@1.12.0
92 silly currentTree | +-- mime-types@2.0.14
92 silly currentTree | `-- negotiator@0.4.9
92 silly currentTree +-- error-ex@1.3.0
92 silly currentTree +-- escape-html@1.0.3
92 silly currentTree +-- escape-string-regexp@1.0.5
92 silly currentTree +-- etag@1.7.0
92 silly currentTree +-- eventemitter3@1.2.0
92 silly currentTree +-- expand-brackets@0.1.5
92 silly currentTree +-- expand-range@1.8.2
92 silly currentTree +-- express@2.5.11
92 silly currentTree | +-- connect@1.9.2
92 silly currentTree | +-- mkdirp@0.3.0
92 silly currentTree | `-- qs@0.4.2
92 silly currentTree +-- extend@3.0.0
92 silly currentTree +-- extglob@0.3.2
92 silly currentTree +-- filename-regex@2.0.0
92 silly currentTree +-- fill-range@2.2.3
92 silly currentTree +-- filled-array@1.1.0
92 silly currentTree +-- finalhandler@0.4.1
92 silly currentTree +-- find-up@1.1.2
92 silly currentTree +-- for-in@0.1.5
92 silly currentTree +-- for-own@0.1.4
92 silly currentTree +-- forever-agent@0.6.1
92 silly currentTree +-- form-data@1.0.1
92 silly currentTree +-- formidable@1.0.17
92 silly currentTree +-- fresh@0.3.0
92 silly currentTree +-- fs-extra@0.30.0
92 silly currentTree +-- fs.realpath@1.0.0
92 silly currentTree +-- function-bind@1.1.0
92 silly currentTree +-- generate-function@2.0.0
92 silly currentTree +-- generate-object-property@1.2.0
92 silly currentTree +-- get-caller-file@1.0.2
92 silly currentTree +-- glob-base@0.3.0
92 silly currentTree +-- glob-parent@2.0.0
92 silly currentTree +-- glob@7.0.6
92 silly currentTree +-- got@5.6.0
92 silly currentTree +-- graceful-fs@4.1.6
92 silly currentTree +-- graceful-readlink@1.0.1
92 silly currentTree +-- har-validator@2.0.6
92 silly currentTree | +-- ansi-regex@2.0.0
92 silly currentTree | +-- ansi-styles@2.2.1
92 silly currentTree | +-- chalk@1.1.3
92 silly currentTree | +-- commander@2.9.0
92 silly currentTree | +-- has-ansi@2.0.0
92 silly currentTree | +-- strip-ansi@3.0.1
92 silly currentTree | `-- supports-color@2.0.0
92 silly currentTree +-- has-ansi@0.1.0
92 silly currentTree +-- has-binary@0.1.7
92 silly currentTree | `-- isarray@0.0.1
92 silly currentTree +-- has-cors@1.1.0
92 silly currentTree +-- has-unicode@2.0.1
92 silly currentTree +-- has@1.0.1
92 silly currentTree +-- hawk@3.1.3
92 silly currentTree +-- hoek@2.16.3
92 silly currentTree +-- hosted-git-info@2.1.5
92 silly currentTree +-- http-errors@1.5.0
92 silly currentTree | `-- inherits@2.0.1
92 silly currentTree +-- http-proxy-agent@1.0.0
92 silly currentTree +-- http-proxy@1.14.0
92 silly currentTree +-- http-signature@0.11.0
92 silly currentTree +-- https-proxy-agent@1.0.0
92 silly currentTree +-- immutable@3.8.1
92 silly currentTree +-- imurmurhash@0.1.4
92 silly currentTree +-- indexof@0.0.1
92 silly currentTree +-- inflight@1.0.5
92 silly currentTree +-- inherits@2.0.3
92 silly currentTree +-- ini@1.3.4
92 silly currentTree +-- invariant@2.2.1
92 silly currentTree +-- invert-kv@1.0.0
92 silly currentTree +-- is-absolute@0.2.5
92 silly currentTree +-- is-arrayish@0.2.1
92 silly currentTree +-- is-binary-path@1.0.1
92 silly currentTree +-- is-buffer@1.1.4
92 silly currentTree +-- is-builtin-module@1.0.0
92 silly currentTree +-- is-dotfile@1.0.2
92 silly currentTree +-- is-equal-shallow@0.1.3
92 silly currentTree +-- is-extendable@0.1.1
92 silly currentTree +-- is-extglob@1.0.0
92 silly currentTree +-- is-finite@1.0.1
92 silly currentTree +-- is-fullwidth-code-point@1.0.0
92 silly currentTree +-- is-glob@2.0.1
92 silly currentTree +-- is-my-json-valid@2.13.1
92 silly currentTree +-- is-npm@1.0.0
92 silly currentTree +-- is-number@2.1.0
92 silly currentTree +-- is-obj@1.0.1
92 silly currentTree +-- is-plain-obj@1.1.0
92 silly currentTree +-- is-posix-bracket@0.1.1
92 silly currentTree +-- is-primitive@2.0.0
92 silly currentTree +-- is-property@1.0.2
92 silly currentTree +-- is-redirect@1.0.0
92 silly currentTree +-- is-relative@0.2.1
92 silly currentTree +-- is-retry-allowed@1.1.0
92 silly currentTree +-- is-stream@1.1.0
92 silly currentTree +-- is-unc-path@0.1.1
92 silly currentTree +-- is-utf8@0.2.1
92 silly currentTree +-- is-windows@0.1.1
92 silly currentTree +-- isarray@1.0.0
92 silly currentTree +-- isobject@2.1.0
92 silly currentTree +-- isstream@0.1.2
92 silly currentTree +-- js-tokens@1.0.3
92 silly currentTree +-- json-stringify-safe@5.0.1
92 silly currentTree +-- json3@3.2.6
92 silly currentTree +-- jsonfile@2.3.1
92 silly currentTree +-- jsonpointer@2.0.0
92 silly currentTree +-- kind-of@3.0.4
92 silly currentTree +-- klaw@1.3.0
92 silly currentTree +-- latest-version@2.0.0
92 silly currentTree +-- lazy-req@1.1.0
92 silly currentTree +-- lcid@1.0.0
92 silly currentTree +-- limiter@1.1.0
92 silly currentTree +-- listify@1.0.0
92 silly currentTree +-- lite-server@2.2.2
92 silly currentTree +-- load-json-file@1.1.0
92 silly currentTree +-- localtunnel@1.8.1
92 silly currentTree | `-- yargs@3.29.0
92 silly currentTree +-- lockfile@1.0.1
92 silly currentTree +-- lodash.assign@4.2.0
92 silly currentTree +-- lodash@4.15.0
92 silly currentTree +-- loose-envify@1.2.0
92 silly currentTree +-- lowercase-keys@1.0.0
92 silly currentTree +-- lru-cache@2.7.3
92 silly currentTree +-- make-error-cause@1.2.1
92 silly currentTree +-- make-error@1.2.1
92 silly currentTree +-- micromatch@2.3.11
92 silly currentTree +-- mime-db@1.23.0
92 silly currentTree +-- mime-types@2.1.11
92 silly currentTree +-- mime@1.2.4
92 silly currentTree +-- minimatch@3.0.3
92 silly currentTree +-- minimist@1.2.0
92 silly currentTree +-- mkdirp@0.5.1
92 silly currentTree | `-- minimist@0.0.8
92 silly currentTree +-- moment@2.14.1
92 silly currentTree +-- ms@0.7.1
92 silly currentTree +-- negotiator@0.6.1
92 silly currentTree +-- node-status-codes@1.0.0
92 silly currentTree +-- node-uuid@1.4.7
92 silly currentTree +-- nopt@3.0.6
92 silly currentTree +-- normalize-package-data@2.3.5
92 silly currentTree +-- normalize-path@2.0.1
92 silly currentTree +-- number-is-nan@1.0.0
92 silly currentTree +-- oauth-sign@0.8.2
92 silly currentTree +-- object-assign@4.1.0
92 silly currentTree +-- object-component@0.0.3
92 silly currentTree +-- object-path@0.9.2
92 silly currentTree +-- object.omit@2.0.0
92 silly currentTree +-- object.pick@1.1.2
92 silly currentTree +-- on-finished@2.3.0
92 silly currentTree +-- once@1.4.0
92 silly currentTree +-- openurl@1.1.0
92 silly currentTree +-- opn@4.0.2
92 silly currentTree +-- options@0.0.6
92 silly currentTree +-- os-homedir@1.0.1
92 silly currentTree +-- os-locale@1.4.0
92 silly currentTree +-- os-tmpdir@1.0.1
92 silly currentTree +-- osenv@0.1.3
92 silly currentTree +-- package-json@2.4.0
92 silly currentTree +-- parse-glob@3.0.4
92 silly currentTree +-- parse-json@2.2.0
92 silly currentTree +-- parse5@1.3.2
92 silly currentTree +-- parsejson@0.0.1
92 silly currentTree +-- parseqs@0.0.2
92 silly currentTree +-- parseuri@0.0.4
92 silly currentTree +-- parseurl@1.3.1
92 silly currentTree +-- path-exists@2.1.0
92 silly currentTree +-- path-is-absolute@1.0.0
92 silly currentTree +-- path-type@1.1.0
92 silly currentTree +-- pify@2.3.0
92 silly currentTree +-- pinkie-promise@2.0.1
92 silly currentTree +-- pinkie@2.0.4
92 silly currentTree +-- popsicle-proxy-agent@3.0.0
92 silly currentTree +-- popsicle-retry@3.2.1
92 silly currentTree +-- popsicle-status@2.0.0
92 silly currentTree +-- popsicle@8.1.1
92 silly currentTree +-- portscanner@1.0.0
92 silly currentTree | `-- async@0.1.15
92 silly currentTree +-- prepend-http@1.0.4
92 silly currentTree +-- preserve@0.2.0
92 silly currentTree +-- process-nextick-args@1.0.7
92 silly currentTree +-- promise-finally@2.2.1
92 silly currentTree +-- qs@6.2.1
92 silly currentTree +-- randomatic@1.1.5
92 silly currentTree +-- range-parser@1.2.0
92 silly currentTree +-- rc@1.1.6
92 silly currentTree +-- read-all-stream@3.1.0
92 silly currentTree +-- read-pkg-up@1.0.1
92 silly currentTree +-- read-pkg@1.1.0
92 silly currentTree +-- readable-stream@2.1.5
92 silly currentTree +-- readdirp@2.1.0
92 silly currentTree +-- reflect-metadata@0.1.8
92 silly currentTree +-- regex-cache@0.4.3
92 silly currentTree +-- registry-auth-token@3.0.1
92 silly currentTree +-- registry-url@3.1.0
92 silly currentTree +-- repeat-element@1.1.2
92 silly currentTree +-- repeat-string@1.5.4
92 silly currentTree +-- repeating@2.0.1
92 silly currentTree +-- request@2.65.0
92 silly currentTree | `-- qs@5.2.1
92 silly currentTree +-- require-directory@2.1.1
92 silly currentTree +-- require-main-filename@1.0.1
92 silly currentTree +-- requires-port@1.0.0
92 silly currentTree +-- resp-modifier@6.0.2
92 silly currentTree +-- rimraf@2.5.4
92 silly currentTree +-- rx@2.3.24
92 silly currentTree +-- rxjs@5.0.0-beta.11
92 silly currentTree +-- semver-diff@2.1.0
92 silly currentTree +-- semver@5.3.0
92 silly currentTree +-- send@0.14.1
92 silly currentTree | `-- mime@1.3.4
92 silly currentTree +-- serve-index@1.8.0
92 silly currentTree +-- serve-static@1.11.1
92 silly currentTree +-- server-destroy@1.0.1
92 silly currentTree +-- set-blocking@2.0.0
92 silly currentTree +-- set-immediate-shim@1.0.1
92 silly currentTree +-- setprototypeof@1.0.1
92 silly currentTree +-- slide@1.1.6
92 silly currentTree +-- sntp@1.0.9
92 silly currentTree +-- socket.io-adapter@0.4.0
92 silly currentTree | +-- isarray@0.0.1
92 silly currentTree | `-- socket.io-parser@2.2.2
92 silly currentTree |   `-- debug@0.7.4
92 silly currentTree +-- socket.io-client@1.4.8
92 silly currentTree | `-- component-emitter@1.2.0
92 silly currentTree +-- socket.io-parser@2.2.6
92 silly currentTree | +-- isarray@0.0.1
92 silly currentTree | `-- json3@3.3.2
92 silly currentTree +-- socket.io@1.4.8
92 silly currentTree +-- sort-keys@1.1.2
92 silly currentTree +-- source-map-support@0.3.3
92 silly currentTree | `-- source-map@0.1.32
92 silly currentTree +-- source-map@0.4.4
92 silly currentTree +-- spdx-correct@1.0.2
92 silly currentTree +-- spdx-expression-parse@1.0.3
92 silly currentTree +-- spdx-license-ids@1.2.2
92 silly currentTree +-- statuses@1.3.0
92 silly currentTree +-- stream-throttle@0.1.3
92 silly currentTree +-- string_decoder@0.10.31
92 silly currentTree +-- string-template@1.0.0
92 silly currentTree +-- string-width@1.0.2
92 silly currentTree | +-- ansi-regex@2.0.0
92 silly currentTree | `-- strip-ansi@3.0.1
92 silly currentTree +-- stringstream@0.0.5
92 silly currentTree +-- strip-ansi@0.3.0
92 silly currentTree +-- strip-bom@2.0.0
92 silly currentTree +-- strip-json-comments@1.0.4
92 silly currentTree +-- supports-color@0.2.0
92 silly currentTree +-- symbol-observable@1.0.2
92 silly currentTree +-- systemjs@0.19.27
92 silly currentTree +-- tfunk@3.0.2
92 silly currentTree | +-- ansi-regex@2.0.0
92 silly currentTree | +-- ansi-styles@2.2.1
92 silly currentTree | +-- chalk@1.1.3
92 silly currentTree | +-- has-ansi@2.0.0
92 silly currentTree | +-- strip-ansi@3.0.1
92 silly currentTree | `-- supports-color@2.0.0
92 silly currentTree +-- thenify@3.2.0
92 silly currentTree +-- throat@3.0.0
92 silly currentTree +-- throwback@1.1.1
92 silly currentTree +-- timed-out@2.0.0
92 silly currentTree +-- to-array@0.1.4
92 silly currentTree +-- touch@1.0.0
92 silly currentTree | `-- nopt@1.0.10
92 silly currentTree +-- tough-cookie@2.2.2
92 silly currentTree +-- tsickle@0.1.7
92 silly currentTree +-- tunnel-agent@0.4.3
92 silly currentTree +-- typedarray@0.0.6
92 silly currentTree +-- typescript@1.8.10
92 silly currentTree +-- typings-core@1.4.1
92 silly currentTree | `-- typescript@1.8.7
92 silly currentTree +-- typings@1.3.3
92 silly currentTree | +-- ansi-regex@2.0.0
92 silly currentTree | +-- ansi-styles@2.2.1
92 silly currentTree | +-- bluebird@3.4.6
92 silly currentTree | +-- chalk@1.1.3
92 silly currentTree | +-- has-ansi@2.0.0
92 silly currentTree | +-- strip-ansi@3.0.1
92 silly currentTree | `-- supports-color@2.0.0
92 silly currentTree +-- ua-parser-js@0.7.10
92 silly currentTree +-- ultron@1.0.2
92 silly currentTree +-- unc-path-regex@0.1.2
92 silly currentTree +-- underscore@1.7.0
92 silly currentTree +-- unpipe@1.0.0
92 silly currentTree +-- unzip-response@1.0.1
92 silly currentTree +-- update-notifier@1.0.2
92 silly currentTree | +-- ansi-regex@2.0.0
92 silly currentTree | +-- ansi-styles@2.2.1
92 silly currentTree | +-- chalk@1.1.3
92 silly currentTree | +-- has-ansi@2.0.0
92 silly currentTree | +-- strip-ansi@3.0.1
92 silly currentTree | `-- supports-color@2.0.0
92 silly currentTree +-- url-parse-lax@1.0.0
92 silly currentTree +-- utf8@2.1.0
92 silly currentTree +-- util-deprecate@1.0.2
92 silly currentTree +-- utils-merge@1.0.0
92 silly currentTree +-- uuid@2.0.2
92 silly currentTree +-- validate-npm-package-license@3.0.1
92 silly currentTree +-- wcwidth@1.0.1
92 silly currentTree +-- weinre@2.0.0-pre-I0Z7U9OV
92 silly currentTree +-- when@3.7.7
92 silly currentTree +-- which-module@1.0.0
92 silly currentTree +-- widest-line@1.0.0
92 silly currentTree +-- window-size@0.1.4
92 silly currentTree +-- wordwrap@1.0.0
92 silly currentTree +-- wrap-ansi@2.0.0
92 silly currentTree +-- wrappy@1.0.2
92 silly currentTree +-- write-file-atomic@1.2.0
92 silly currentTree +-- ws@1.1.0
92 silly currentTree +-- xdg-basedir@2.0.0
92 silly currentTree +-- xmlhttprequest-ssl@1.5.1
92 silly currentTree +-- xtend@4.0.1
92 silly currentTree +-- y18n@3.2.1
92 silly currentTree +-- yargs-parser@3.2.0
92 silly currentTree | `-- camelcase@3.0.0
92 silly currentTree +-- yargs@5.0.0
92 silly currentTree | `-- window-size@0.2.0
92 silly currentTree +-- yeast@0.1.2
92 silly currentTree +-- zip-object@0.1.0
92 silly currentTree `-- zone.js@0.6.23
93 silly idealTree angular2-quickstart@1.0.0
93 silly idealTree +-- @angular/common@2.0.0-rc.6
93 silly idealTree +-- @angular/compiler-cli@0.6.0
93 silly idealTree +-- @angular/compiler@2.0.0-rc.6
93 silly idealTree +-- @angular/core@2.0.0-rc.6
93 silly idealTree +-- @angular/forms@2.0.0-rc.6
93 silly idealTree +-- @angular/http@2.0.0-rc.6
93 silly idealTree +-- @angular/platform-browser-dynamic@2.0.0-rc.6
93 silly idealTree +-- @angular/platform-browser@2.0.0-rc.6
93 silly idealTree +-- @angular/router@3.0.0-rc.2
93 silly idealTree +-- @angular/tsc-wrapped@0.3.0
93 silly idealTree +-- @angular/upgrade@2.0.0-rc.6
93 silly idealTree +-- abbrev@1.0.9
93 silly idealTree +-- accepts@1.3.3
93 silly idealTree +-- after@0.8.1
93 silly idealTree +-- agent-base@2.0.1
93 silly idealTree | `-- semver@5.0.3
93 silly idealTree +-- amdefine@1.0.0
93 silly idealTree +-- angular2-in-memory-web-api@0.0.18
93 silly idealTree +-- ansi-align@1.1.0
93 silly idealTree +-- ansi-regex@0.2.1
93 silly idealTree +-- ansi-styles@1.1.0
93 silly idealTree +-- any-promise@1.3.0
93 silly idealTree +-- anymatch@1.3.0
93 silly idealTree +-- archy@1.0.0
93 silly idealTree +-- arr-diff@2.0.0
93 silly idealTree +-- arr-flatten@1.0.1
93 silly idealTree +-- array-uniq@1.0.3
93 silly idealTree +-- array-unique@0.2.1
93 silly idealTree +-- arraybuffer.slice@0.0.6
93 silly idealTree +-- arrify@1.0.1
93 silly idealTree +-- asn1@0.1.11
93 silly idealTree +-- assert-plus@0.1.5
93 silly idealTree +-- async-each-series@0.1.1
93 silly idealTree +-- async-each@1.0.1
93 silly idealTree +-- async@2.0.1
93 silly idealTree +-- aws-sign2@0.6.0
93 silly idealTree +-- backo2@1.0.2
93 silly idealTree +-- balanced-match@0.4.2
93 silly idealTree +-- base64-arraybuffer@0.1.2
93 silly idealTree +-- base64id@0.1.0
93 silly idealTree +-- batch@0.5.3
93 silly idealTree +-- benchmark@1.0.0
93 silly idealTree +-- better-assert@1.0.2
93 silly idealTree +-- binary-extensions@1.6.0
93 silly idealTree +-- bl@1.0.3
93 silly idealTree | `-- readable-stream@2.0.6
93 silly idealTree +-- blob@0.0.4
93 silly idealTree +-- bluebird@2.9.6
93 silly idealTree +-- boom@2.10.1
93 silly idealTree +-- bootstrap@3.3.7
93 silly idealTree +-- boxen@0.6.0
93 silly idealTree | +-- ansi-regex@2.0.0
93 silly idealTree | +-- ansi-styles@2.2.1
93 silly idealTree | +-- camelcase@2.1.1
93 silly idealTree | +-- chalk@1.1.3
93 silly idealTree | +-- has-ansi@2.0.0
93 silly idealTree | +-- strip-ansi@3.0.1
93 silly idealTree | `-- supports-color@2.0.0
93 silly idealTree +-- brace-expansion@1.1.6
93 silly idealTree +-- braces@1.8.5
93 silly idealTree +-- browser-sync-client@2.4.2
93 silly idealTree +-- browser-sync-ui@0.6.0
93 silly idealTree +-- browser-sync@2.15.0
93 silly idealTree | `-- rx@4.1.0
93 silly idealTree +-- bs-recipes@1.2.3
93 silly idealTree +-- buffer-shims@1.0.0
93 silly idealTree +-- builtin-modules@1.1.1
93 silly idealTree +-- callsite@1.0.0
93 silly idealTree +-- camelcase@1.2.1
93 silly idealTree +-- capture-stack-trace@1.0.0
93 silly idealTree +-- caseless@0.11.0
93 silly idealTree +-- chalk@0.5.1
93 silly idealTree +-- chokidar@1.6.0
93 silly idealTree +-- cli-boxes@1.0.0
93 silly idealTree +-- cliui@3.2.0
93 silly idealTree | +-- ansi-regex@2.0.0
93 silly idealTree | `-- strip-ansi@3.0.1
93 silly idealTree +-- clone@1.0.2
93 silly idealTree +-- code-point-at@1.0.0
93 silly idealTree +-- columnify@1.5.4
93 silly idealTree | +-- ansi-regex@2.0.0
93 silly idealTree | `-- strip-ansi@3.0.1
93 silly idealTree +-- combined-stream@1.0.5
93 silly idealTree +-- commander@2.6.0
93 silly idealTree +-- component-bind@1.0.0
93 silly idealTree +-- component-emitter@1.1.2
93 silly idealTree +-- component-inherit@0.0.3
93 silly idealTree +-- concat-map@0.0.1
93 silly idealTree +-- concat-stream@1.5.2
93 silly idealTree | `-- readable-stream@2.0.6
93 silly idealTree +-- concurrently@2.2.0
93 silly idealTree +-- configstore@2.1.0
93 silly idealTree +-- connect-history-api-fallback@1.3.0
93 silly idealTree +-- connect-logger@0.0.1
93 silly idealTree +-- connect@3.4.1
93 silly idealTree +-- core-js@2.4.1
93 silly idealTree +-- core-util-is@1.0.2
93 silly idealTree +-- create-error-class@3.0.2
93 silly idealTree +-- cross-spawn@0.2.9
93 silly idealTree +-- cryptiles@2.0.5
93 silly idealTree +-- ctype@0.5.3
93 silly idealTree +-- debug@2.2.0
93 silly idealTree +-- decamelize@1.2.0
93 silly idealTree +-- deep-extend@0.4.1
93 silly idealTree +-- defaults@1.0.3
93 silly idealTree +-- delayed-stream@1.0.0
93 silly idealTree +-- depd@1.1.0
93 silly idealTree +-- destroy@1.0.4
93 silly idealTree +-- detect-indent@4.0.0
93 silly idealTree +-- dev-ip@1.0.1
93 silly idealTree +-- dot-prop@3.0.0
93 silly idealTree +-- duplexer2@0.1.4
93 silly idealTree +-- easy-extender@2.3.2
93 silly idealTree | `-- lodash@3.10.1
93 silly idealTree +-- eazy-logger@3.0.2
93 silly idealTree +-- ee-first@1.1.1
93 silly idealTree +-- emitter-steward@1.0.0
93 silly idealTree +-- encodeurl@1.0.1
93 silly idealTree +-- engine.io-client@1.6.11
93 silly idealTree | `-- ws@1.0.1
93 silly idealTree +-- engine.io-parser@1.2.4
93 silly idealTree | +-- has-binary@0.1.6
93 silly idealTree | `-- isarray@0.0.1
93 silly idealTree +-- engine.io@1.6.11
93 silly idealTree | +-- accepts@1.1.4
93 silly idealTree | +-- mime-db@1.12.0
93 silly idealTree | +-- mime-types@2.0.14
93 silly idealTree | `-- negotiator@0.4.9
93 silly idealTree +-- error-ex@1.3.0
93 silly idealTree +-- escape-html@1.0.3
93 silly idealTree +-- escape-string-regexp@1.0.5
93 silly idealTree +-- etag@1.7.0
93 silly idealTree +-- eventemitter3@1.2.0
93 silly idealTree +-- expand-brackets@0.1.5
93 silly idealTree +-- expand-range@1.8.2
93 silly idealTree +-- express@2.5.11
93 silly idealTree | +-- connect@1.9.2
93 silly idealTree | +-- mkdirp@0.3.0
93 silly idealTree | `-- qs@0.4.2
93 silly idealTree +-- extend@3.0.0
93 silly idealTree +-- extglob@0.3.2
93 silly idealTree +-- filename-regex@2.0.0
93 silly idealTree +-- fill-range@2.2.3
93 silly idealTree +-- filled-array@1.1.0
93 silly idealTree +-- finalhandler@0.4.1
93 silly idealTree +-- find-up@1.1.2
93 silly idealTree +-- for-in@0.1.5
93 silly idealTree +-- for-own@0.1.4
93 silly idealTree +-- forever-agent@0.6.1
93 silly idealTree +-- form-data@1.0.1
93 silly idealTree +-- formidable@1.0.17
93 silly idealTree +-- fresh@0.3.0
93 silly idealTree +-- fs-extra@0.30.0
93 silly idealTree +-- fs.realpath@1.0.0
93 silly idealTree +-- function-bind@1.1.0
93 silly idealTree +-- generate-function@2.0.0
93 silly idealTree +-- generate-object-property@1.2.0
93 silly idealTree +-- get-caller-file@1.0.2
93 silly idealTree +-- glob-base@0.3.0
93 silly idealTree +-- glob-parent@2.0.0
93 silly idealTree +-- glob@7.0.6
93 silly idealTree +-- got@5.6.0
93 silly idealTree +-- graceful-fs@4.1.6
93 silly idealTree +-- graceful-readlink@1.0.1
93 silly idealTree +-- har-validator@2.0.6
93 silly idealTree | +-- ansi-regex@2.0.0
93 silly idealTree | +-- ansi-styles@2.2.1
93 silly idealTree | +-- chalk@1.1.3
93 silly idealTree | +-- commander@2.9.0
93 silly idealTree | +-- has-ansi@2.0.0
93 silly idealTree | +-- strip-ansi@3.0.1
93 silly idealTree | `-- supports-color@2.0.0
93 silly idealTree +-- has-ansi@0.1.0
93 silly idealTree +-- has-binary@0.1.7
93 silly idealTree | `-- isarray@0.0.1
93 silly idealTree +-- has-cors@1.1.0
93 silly idealTree +-- has-unicode@2.0.1
93 silly idealTree +-- has@1.0.1
93 silly idealTree +-- hawk@3.1.3
93 silly idealTree +-- hoek@2.16.3
93 silly idealTree +-- hosted-git-info@2.1.5
93 silly idealTree +-- http-errors@1.5.0
93 silly idealTree | `-- inherits@2.0.1
93 silly idealTree +-- http-proxy-agent@1.0.0
93 silly idealTree +-- http-proxy@1.14.0
93 silly idealTree +-- http-signature@0.11.0
93 silly idealTree +-- https-proxy-agent@1.0.0
93 silly idealTree +-- immutable@3.8.1
93 silly idealTree +-- imurmurhash@0.1.4
93 silly idealTree +-- indexof@0.0.1
93 silly idealTree +-- inflight@1.0.5
93 silly idealTree +-- inherits@2.0.3
93 silly idealTree +-- ini@1.3.4
93 silly idealTree +-- invariant@2.2.1
93 silly idealTree +-- invert-kv@1.0.0
93 silly idealTree +-- is-absolute@0.2.5
93 silly idealTree +-- is-arrayish@0.2.1
93 silly idealTree +-- is-binary-path@1.0.1
93 silly idealTree +-- is-buffer@1.1.4
93 silly idealTree +-- is-builtin-module@1.0.0
93 silly idealTree +-- is-dotfile@1.0.2
93 silly idealTree +-- is-equal-shallow@0.1.3
93 silly idealTree +-- is-extendable@0.1.1
93 silly idealTree +-- is-extglob@1.0.0
93 silly idealTree +-- is-finite@1.0.1
93 silly idealTree +-- is-fullwidth-code-point@1.0.0
93 silly idealTree +-- is-glob@2.0.1
93 silly idealTree +-- is-my-json-valid@2.13.1
93 silly idealTree +-- is-npm@1.0.0
93 silly idealTree +-- is-number@2.1.0
93 silly idealTree +-- is-obj@1.0.1
93 silly idealTree +-- is-plain-obj@1.1.0
93 silly idealTree +-- is-posix-bracket@0.1.1
93 silly idealTree +-- is-primitive@2.0.0
93 silly idealTree +-- is-property@1.0.2
93 silly idealTree +-- is-redirect@1.0.0
93 silly idealTree +-- is-relative@0.2.1
93 silly idealTree +-- is-retry-allowed@1.1.0
93 silly idealTree +-- is-stream@1.1.0
93 silly idealTree +-- is-unc-path@0.1.1
93 silly idealTree +-- is-utf8@0.2.1
93 silly idealTree +-- is-windows@0.1.1
93 silly idealTree +-- isarray@1.0.0
93 silly idealTree +-- isobject@2.1.0
93 silly idealTree +-- isstream@0.1.2
93 silly idealTree +-- js-tokens@1.0.3
93 silly idealTree +-- json-stringify-safe@5.0.1
93 silly idealTree +-- json3@3.2.6
93 silly idealTree +-- jsonfile@2.3.1
93 silly idealTree +-- jsonpointer@2.0.0
93 silly idealTree +-- kind-of@3.0.4
93 silly idealTree +-- klaw@1.3.0
93 silly idealTree +-- latest-version@2.0.0
93 silly idealTree +-- lazy-req@1.1.0
93 silly idealTree +-- lcid@1.0.0
93 silly idealTree +-- limiter@1.1.0
93 silly idealTree +-- listify@1.0.0
93 silly idealTree +-- lite-server@2.2.2
93 silly idealTree +-- load-json-file@1.1.0
93 silly idealTree +-- localtunnel@1.8.1
93 silly idealTree | `-- yargs@3.29.0
93 silly idealTree +-- lockfile@1.0.1
93 silly idealTree +-- lodash.assign@4.2.0
93 silly idealTree +-- lodash@4.15.0
93 silly idealTree +-- loose-envify@1.2.0
93 silly idealTree +-- lowercase-keys@1.0.0
93 silly idealTree +-- lru-cache@2.7.3
93 silly idealTree +-- make-error-cause@1.2.1
93 silly idealTree +-- make-error@1.2.1
93 silly idealTree +-- micromatch@2.3.11
93 silly idealTree +-- mime-db@1.23.0
93 silly idealTree +-- mime-types@2.1.11
93 silly idealTree +-- mime@1.2.4
93 silly idealTree +-- minimatch@3.0.3
93 silly idealTree +-- minimist@1.2.0
93 silly idealTree +-- mkdirp@0.5.1
93 silly idealTree | `-- minimist@0.0.8
93 silly idealTree +-- moment@2.14.1
93 silly idealTree +-- ms@0.7.1
93 silly idealTree +-- negotiator@0.6.1
93 silly idealTree +-- node-status-codes@1.0.0
93 silly idealTree +-- node-uuid@1.4.7
93 silly idealTree +-- nopt@3.0.6
93 silly idealTree +-- normalize-package-data@2.3.5
93 silly idealTree +-- normalize-path@2.0.1
93 silly idealTree +-- number-is-nan@1.0.0
93 silly idealTree +-- oauth-sign@0.8.2
93 silly idealTree +-- object-assign@4.1.0
93 silly idealTree +-- object-component@0.0.3
93 silly idealTree +-- object-path@0.9.2
93 silly idealTree +-- object.omit@2.0.0
93 silly idealTree +-- object.pick@1.1.2
93 silly idealTree +-- on-finished@2.3.0
93 silly idealTree +-- once@1.4.0
93 silly idealTree +-- openurl@1.1.0
93 silly idealTree +-- opn@4.0.2
93 silly idealTree +-- options@0.0.6
93 silly idealTree +-- os-homedir@1.0.1
93 silly idealTree +-- os-locale@1.4.0
93 silly idealTree +-- os-tmpdir@1.0.1
93 silly idealTree +-- osenv@0.1.3
93 silly idealTree +-- package-json@2.4.0
93 silly idealTree +-- parse-glob@3.0.4
93 silly idealTree +-- parse-json@2.2.0
93 silly idealTree +-- parse5@1.3.2
93 silly idealTree +-- parsejson@0.0.1
93 silly idealTree +-- parseqs@0.0.2
93 silly idealTree +-- parseuri@0.0.4
93 silly idealTree +-- parseurl@1.3.1
93 silly idealTree +-- path-exists@2.1.0
93 silly idealTree +-- path-is-absolute@1.0.0
93 silly idealTree +-- path-type@1.1.0
93 silly idealTree +-- pify@2.3.0
93 silly idealTree +-- pinkie-promise@2.0.1
93 silly idealTree +-- pinkie@2.0.4
93 silly idealTree +-- popsicle-proxy-agent@3.0.0
93 silly idealTree +-- popsicle-retry@3.2.1
93 silly idealTree +-- popsicle-status@2.0.0
93 silly idealTree +-- popsicle@8.1.1
93 silly idealTree +-- portscanner@1.0.0
93 silly idealTree | `-- async@0.1.15
93 silly idealTree +-- prepend-http@1.0.4
93 silly idealTree +-- preserve@0.2.0
93 silly idealTree +-- process-nextick-args@1.0.7
93 silly idealTree +-- promise-finally@2.2.1
93 silly idealTree +-- qs@6.2.1
93 silly idealTree +-- randomatic@1.1.5
93 silly idealTree +-- range-parser@1.2.0
93 silly idealTree +-- rc@1.1.6
93 silly idealTree +-- read-all-stream@3.1.0
93 silly idealTree +-- read-pkg-up@1.0.1
93 silly idealTree +-- read-pkg@1.1.0
93 silly idealTree +-- readable-stream@2.1.5
93 silly idealTree +-- readdirp@2.1.0
93 silly idealTree +-- reflect-metadata@0.1.8
93 silly idealTree +-- regex-cache@0.4.3
93 silly idealTree +-- registry-auth-token@3.0.1
93 silly idealTree +-- registry-url@3.1.0
93 silly idealTree +-- repeat-element@1.1.2
93 silly idealTree +-- repeat-string@1.5.4
93 silly idealTree +-- repeating@2.0.1
93 silly idealTree +-- request@2.65.0
93 silly idealTree | `-- qs@5.2.1
93 silly idealTree +-- require-directory@2.1.1
93 silly idealTree +-- require-main-filename@1.0.1
93 silly idealTree +-- requires-port@1.0.0
93 silly idealTree +-- resp-modifier@6.0.2
93 silly idealTree +-- rimraf@2.5.4
93 silly idealTree +-- rx@2.3.24
93 silly idealTree +-- rxjs@5.0.0-beta.11
93 silly idealTree +-- semver-diff@2.1.0
93 silly idealTree +-- semver@5.3.0
93 silly idealTree +-- send@0.14.1
93 silly idealTree | `-- mime@1.3.4
93 silly idealTree +-- serve-index@1.8.0
93 silly idealTree +-- serve-static@1.11.1
93 silly idealTree +-- server-destroy@1.0.1
93 silly idealTree +-- set-blocking@2.0.0
93 silly idealTree +-- set-immediate-shim@1.0.1
93 silly idealTree +-- setprototypeof@1.0.1
93 silly idealTree +-- slide@1.1.6
93 silly idealTree +-- sntp@1.0.9
93 silly idealTree +-- socket.io-adapter@0.4.0
93 silly idealTree | +-- isarray@0.0.1
93 silly idealTree | `-- socket.io-parser@2.2.2
93 silly idealTree |   `-- debug@0.7.4
93 silly idealTree +-- socket.io-client@1.4.8
93 silly idealTree | `-- component-emitter@1.2.0
93 silly idealTree +-- socket.io-parser@2.2.6
93 silly idealTree | +-- isarray@0.0.1
93 silly idealTree | `-- json3@3.3.2
93 silly idealTree +-- socket.io@1.4.8
93 silly idealTree +-- sort-keys@1.1.2
93 silly idealTree +-- source-map-support@0.3.3
93 silly idealTree | `-- source-map@0.1.32
93 silly idealTree +-- source-map@0.4.4
93 silly idealTree +-- spdx-correct@1.0.2
93 silly idealTree +-- spdx-expression-parse@1.0.3
93 silly idealTree +-- spdx-license-ids@1.2.2
93 silly idealTree +-- statuses@1.3.0
93 silly idealTree +-- stream-throttle@0.1.3
93 silly idealTree +-- string_decoder@0.10.31
93 silly idealTree +-- string-template@1.0.0
93 silly idealTree +-- string-width@1.0.2
93 silly idealTree | +-- ansi-regex@2.0.0
93 silly idealTree | `-- strip-ansi@3.0.1
93 silly idealTree +-- stringstream@0.0.5
93 silly idealTree +-- strip-ansi@0.3.0
93 silly idealTree +-- strip-bom@2.0.0
93 silly idealTree +-- strip-json-comments@1.0.4
93 silly idealTree +-- supports-color@0.2.0
93 silly idealTree +-- symbol-observable@1.0.2
93 silly idealTree +-- systemjs@0.19.27
93 silly idealTree +-- tfunk@3.0.2
93 silly idealTree | +-- ansi-regex@2.0.0
93 silly idealTree | +-- ansi-styles@2.2.1
93 silly idealTree | +-- chalk@1.1.3
93 silly idealTree | +-- has-ansi@2.0.0
93 silly idealTree | +-- strip-ansi@3.0.1
93 silly idealTree | `-- supports-color@2.0.0
93 silly idealTree +-- thenify@3.2.0
93 silly idealTree +-- throat@3.0.0
93 silly idealTree +-- throwback@1.1.1
93 silly idealTree +-- timed-out@2.0.0
93 silly idealTree +-- to-array@0.1.4
93 silly idealTree +-- touch@1.0.0
93 silly idealTree | `-- nopt@1.0.10
93 silly idealTree +-- tough-cookie@2.2.2
93 silly idealTree +-- tsickle@0.1.7
93 silly idealTree +-- tunnel-agent@0.4.3
93 silly idealTree +-- typedarray@0.0.6
93 silly idealTree +-- typescript@2.1.0-dev.20160919
93 silly idealTree +-- typings-core@1.4.1
93 silly idealTree | `-- typescript@1.8.7
93 silly idealTree +-- typings@1.3.3
93 silly idealTree | +-- ansi-regex@2.0.0
93 silly idealTree | +-- ansi-styles@2.2.1
93 silly idealTree | +-- bluebird@3.4.6
93 silly idealTree | +-- chalk@1.1.3
93 silly idealTree | +-- has-ansi@2.0.0
93 silly idealTree | +-- strip-ansi@3.0.1
93 silly idealTree | `-- supports-color@2.0.0
93 silly idealTree +-- ua-parser-js@0.7.10
93 silly idealTree +-- ultron@1.0.2
93 silly idealTree +-- unc-path-regex@0.1.2
93 silly idealTree +-- underscore@1.7.0
93 silly idealTree +-- unpipe@1.0.0
93 silly idealTree +-- unzip-response@1.0.1
93 silly idealTree +-- update-notifier@1.0.2
93 silly idealTree | +-- ansi-regex@2.0.0
93 silly idealTree | +-- ansi-styles@2.2.1
93 silly idealTree | +-- chalk@1.1.3
93 silly idealTree | +-- has-ansi@2.0.0
93 silly idealTree | +-- strip-ansi@3.0.1
93 silly idealTree | `-- supports-color@2.0.0
93 silly idealTree +-- url-parse-lax@1.0.0
93 silly idealTree +-- utf8@2.1.0
93 silly idealTree +-- util-deprecate@1.0.2
93 silly idealTree +-- utils-merge@1.0.0
93 silly idealTree +-- uuid@2.0.2
93 silly idealTree +-- validate-npm-package-license@3.0.1
93 silly idealTree +-- wcwidth@1.0.1
93 silly idealTree +-- weinre@2.0.0-pre-I0Z7U9OV
93 silly idealTree +-- when@3.7.7
93 silly idealTree +-- which-module@1.0.0
93 silly idealTree +-- widest-line@1.0.0
93 silly idealTree +-- window-size@0.1.4
93 silly idealTree +-- wordwrap@1.0.0
93 silly idealTree +-- wrap-ansi@2.0.0
93 silly idealTree +-- wrappy@1.0.2
93 silly idealTree +-- write-file-atomic@1.2.0
93 silly idealTree +-- ws@1.1.0
93 silly idealTree +-- xdg-basedir@2.0.0
93 silly idealTree +-- xmlhttprequest-ssl@1.5.1
93 silly idealTree +-- xtend@4.0.1
93 silly idealTree +-- y18n@3.2.1
93 silly idealTree +-- yargs-parser@3.2.0
93 silly idealTree | `-- camelcase@3.0.0
93 silly idealTree +-- yargs@5.0.0
93 silly idealTree | `-- window-size@0.2.0
93 silly idealTree +-- yeast@0.1.2
93 silly idealTree +-- zip-object@0.1.0
93 silly idealTree `-- zone.js@0.6.23
94 silly generateActionsToTake Starting
95 silly install generateActionsToTake
96 silly generateActionsToTake Finishing
97 silly diffTrees action count 1
98 silly diffTrees update typescript@2.1.0-dev.20160919
99 silly decomposeActions action count 8
100 silly decomposeActions fetch typescript@2.1.0-dev.20160919
101 silly decomposeActions extract typescript@2.1.0-dev.20160919
102 silly decomposeActions test typescript@2.1.0-dev.20160919
103 silly decomposeActions preinstall typescript@2.1.0-dev.20160919
104 silly decomposeActions build typescript@2.1.0-dev.20160919
105 silly decomposeActions install typescript@2.1.0-dev.20160919
106 silly decomposeActions postinstall typescript@2.1.0-dev.20160919
107 silly decomposeActions finalize typescript@2.1.0-dev.20160919
108 silly executeActions Starting
109 silly install executeActions
110 silly doSerial global-install 0
111 silly doParallel fetch 1
112 verbose correctMkdir C:\Users\na\AppData\Roaming\npm-cache\_locks correctMkdir not in flight; initializing
113 verbose lock using C:\Users\na\AppData\Roaming\npm-cache\_locks\staging-88214fc96a5a23ba.lock for C:\Users\na\Desktop\TASK\Angular QuickStart Udemy\public\node_modules\.staging
114 silly doParallel extract 1
115 silly extract typescript@2.1.0-dev.20160919
116 verbose unbuild node_modules\.staging\typescript-cd140152
117 silly gentlyRm C:\Users\na\Desktop\TASK\Angular QuickStart Udemy\public\node_modules\.staging\typescript-cd140152 is being purged from base C:\Users\na\Desktop\TASK\Angular QuickStart Udemy\public
118 verbose gentlyRm don't care about contents; nuking C:\Users\na\Desktop\TASK\Angular QuickStart Udemy\public\node_modules\.staging\typescript-cd140152
119 verbose tar unpack C:\Users\na\AppData\Roaming\npm-cache\typescript\2.1.0-dev.20160919\package.tgz
120 verbose tar unpacking to C:\Users\na\Desktop\TASK\Angular QuickStart Udemy\public\node_modules\.staging\typescript-cd140152
121 silly gentlyRm C:\Users\na\Desktop\TASK\Angular QuickStart Udemy\public\node_modules\.staging\typescript-cd140152 is being purged
122 verbose gentlyRm don't care about contents; nuking C:\Users\na\Desktop\TASK\Angular QuickStart Udemy\public\node_modules\.staging\typescript-cd140152
123 silly gunzTarPerm modes [ '777', '666' ]
124 silly gunzTarPerm extractEntry package.json
125 silly gunzTarPerm extractEntry .npmignore
126 silly gunzTarPerm extractEntry README.md
127 silly gunzTarPerm extractEntry ThirdPartyNoticeText.txt
128 silly gunzTarPerm extractEntry AUTHORS.md
129 silly gunzTarPerm extractEntry CONTRIBUTING.md
130 silly gunzTarPerm extractEntry CopyrightNotice.txt
131 silly gunzTarPerm extractEntry Gulpfile.ts
132 silly gunzTarPerm extractEntry LICENSE.txt
133 silly gunzTarPerm extractEntry .mailmap
134 silly gunzTarPerm extractEntry bin/tsc
135 silly gunzTarPerm extractEntry bin/tsserver
136 silly gunzTarPerm extractEntry lib/README.md
137 silly gunzTarPerm extractEntry lib/typescript.js
138 silly gunzTarPerm extractEntry lib/tsserverlibrary.js
139 silly gunzTarPerm extractEntry lib/tsserver.js
140 silly gunzTarPerm extractEntry lib/tsc.js
141 silly gunzTarPerm extractEntry lib/typescriptServices.js
142 silly gunzTarPerm extractEntry lib/lib.es2017.sharedmemory.d.ts
143 silly gunzTarPerm extractEntry lib/lib.es2015.d.ts
144 silly gunzTarPerm extractEntry lib/lib.es2015.iterable.d.ts
145 silly gunzTarPerm extractEntry lib/lib.es2015.promise.d.ts
146 silly gunzTarPerm extractEntry lib/lib.es2015.proxy.d.ts
147 silly gunzTarPerm extractEntry lib/lib.es2015.reflect.d.ts
148 silly gunzTarPerm extractEntry lib/lib.es2015.symbol.d.ts
149 silly gunzTarPerm extractEntry lib/lib.es2015.symbol.wellknown.d.ts
150 silly gunzTarPerm extractEntry lib/lib.es2016.array.include.d.ts
151 silly gunzTarPerm extractEntry lib/lib.d.ts
152 silly gunzTarPerm extractEntry lib/lib.es2017.d.ts
153 silly gunzTarPerm extractEntry lib/lib.es2017.object.d.ts
154 silly gunzTarPerm extractEntry lib/lib.es2015.generator.d.ts
155 silly gunzTarPerm extractEntry lib/lib.es5.d.ts
156 silly gunzTarPerm extractEntry lib/lib.es6.d.ts
157 silly gunzTarPerm extractEntry lib/lib.scripthost.d.ts
158 silly gunzTarPerm extractEntry lib/lib.webworker.d.ts
159 silly gunzTarPerm extractEntry lib/lib.es2015.core.d.ts
160 silly gunzTarPerm extractEntry lib/lib.es2015.collection.d.ts
161 silly gunzTarPerm extractEntry lib/tsserverlibrary.d.ts
162 silly gunzTarPerm extractEntry lib/lib.dom.iterable.d.ts
163 silly gunzTarPerm extractEntry lib/typescript.d.ts
164 silly gunzTarPerm extractEntry lib/lib.dom.d.ts
165 silly gunzTarPerm extractEntry lib/typescriptServices.d.ts
166 silly gunzTarPerm extractEntry lib/lib.es2016.d.ts
167 silly gentlyRm C:\Users\na\Desktop\TASK\Angular QuickStart Udemy\public\node_modules\.staging\typescript-cd140152\node_modules is being purged
168 verbose gentlyRm don't care about contents; nuking C:\Users\na\Desktop\TASK\Angular QuickStart Udemy\public\node_modules\.staging\typescript-cd140152\node_modules
169 silly doParallel preinstall 1
170 silly preinstall typescript@2.1.0-dev.20160919 C:\Users\na\Desktop\TASK\Angular QuickStart Udemy\public\node_modules\.staging\typescript-cd140152
171 info lifecycle typescript@2.1.0-dev.20160919~preinstall: typescript@2.1.0-dev.20160919
172 silly lifecycle typescript@2.1.0-dev.20160919~preinstall: no script for preinstall, continuing
173 silly doReverseSerial remove 0
174 silly doSerial move 0
175 silly doSerial finalize 1
176 silly finalize C:\Users\na\Desktop\TASK\Angular QuickStart Udemy\public\node_modules\typescript
177 verbose unlock done using C:\Users\na\AppData\Roaming\npm-cache\_locks\staging-88214fc96a5a23ba.lock for C:\Users\na\Desktop\TASK\Angular QuickStart Udemy\public\node_modules\.staging
178 silly rollbackFailedOptional Starting
179 silly rollbackFailedOptional Finishing
180 silly runTopLevelLifecycles Starting
181 silly runTopLevelLifecycles Finishing
182 silly install printInstalled
183 warn optional Skipping failed optional dependency /chokidar/fsevents:
184 warn notsup Not compatible with your operating system or architecture: fsevents@1.0.14
185 warn @angular/compiler-cli@0.6.0 requires a peer of typescript@^2.0.2 but none was installed.
186 warn @angular/compiler-cli@0.6.0 requires a peer of @angular/platform-server@^2.0.0-rc.6 but none was installed.
187 warn @angular/tsc-wrapped@0.3.0 requires a peer of typescript@^2.0.2 but none was installed.
188 warn angular2-quickstart@1.0.0 No repository field.
189 verbose stack Error: EPERM: operation not permitted, rename 'C:\Users\na\Desktop\TASK\Angular QuickStart Udemy\public\node_modules\typescript' -> 'C:\Users\na\Desktop\TASK\Angular QuickStart Udemy\public\node_modules\.typescript.DELETE'
189 verbose stack     at moveAway (C:\nodejs\node_modules\npm\lib\install\action\finalize.js:38:5)
189 verbose stack     at destStatted (C:\nodejs\node_modules\npm\lib\install\action\finalize.js:27:7)
189 verbose stack     at FSReqWrap.oncomplete (fs.js:123:15)
189 verbose stack
189 verbose stack Error: EPERM: operation not permitted, rename 'C:\Users\na\Desktop\TASK\Angular QuickStart Udemy\public\node_modules\typescript' -> 'C:\Users\na\Desktop\TASK\Angular QuickStart Udemy\public\node_modules\.typescript.DELETE'
189 verbose stack     at Error (native)
190 verbose cwd C:\Users\na\Desktop\TASK\Angular QuickStart Udemy\public\app
191 error Windows_NT 10.0.10586
192 error argv "C:\\nodejs\\node.exe" "C:\\nodejs\\node_modules\\npm\\bin\\npm-cli.js" "install" "typescript@next"
193 error node v6.6.0
194 error npm  v3.10.3
195 error path C:\Users\na\Desktop\TASK\Angular QuickStart Udemy\public\node_modules\typescript
196 error code EPERM
197 error errno -4048
198 error syscall rename
199 error Error: EPERM: operation not permitted, rename 'C:\Users\na\Desktop\TASK\Angular QuickStart Udemy\public\node_modules\typescript' -> 'C:\Users\na\Desktop\TASK\Angular QuickStart Udemy\public\node_modules\.typescript.DELETE'
199 error     at moveAway (C:\nodejs\node_modules\npm\lib\install\action\finalize.js:38:5)
199 error     at destStatted (C:\nodejs\node_modules\npm\lib\install\action\finalize.js:27:7)
199 error     at FSReqWrap.oncomplete (fs.js:123:15)
199 error
199 error Error: EPERM: operation not permitted, rename 'C:\Users\na\Desktop\TASK\Angular QuickStart Udemy\public\node_modules\typescript' -> 'C:\Users\na\Desktop\TASK\Angular QuickStart Udemy\public\node_modules\.typescript.DELETE'
199 error     at Error (native)
199 error  { Error: EPERM: operation not permitted, rename 'C:\Users\na\Desktop\TASK\Angular QuickStart Udemy\public\node_modules\typescript' -> 'C:\Users\na\Desktop\TASK\Angular QuickStart Udemy\public\node_modules\.typescript.DELETE'
199 error     at moveAway (C:\nodejs\node_modules\npm\lib\install\action\finalize.js:38:5)
199 error     at destStatted (C:\nodejs\node_modules\npm\lib\install\action\finalize.js:27:7)
199 error     at FSReqWrap.oncomplete (fs.js:123:15)
199 error
199 error Error: EPERM: operation not permitted, rename 'C:\Users\na\Desktop\TASK\Angular QuickStart Udemy\public\node_modules\typescript' -> 'C:\Users\na\Desktop\TASK\Angular QuickStart Udemy\public\node_modules\.typescript.DELETE'
199 error     at Error (native) parent: 'angular2-quickstart' }
200 error Please try running this command again as root/Administrator.
201 verbose exit [ -4048, true ]
